<?xml version="1.0" encoding="UTF-8"?>
<!-- Generated by org.testng.reporters.JUnitXMLReporter -->
<testsuite hostname="DESKTOP-KGRR886" ignored="2" name="Test" tests="4" failures="0" timestamp="04 Sep 2022 03:53:21 GMT" time="0.118" errors="0">
  <testcase name="PersonalLoanTest" time="0.011" classname="test.LoanTest"/>
  <testcase name="cctest" time="0.004" classname="test.CardTest"/>
  <testcase name="HomeLoanTest" time="0.002" classname="test.LoanTest"/>
  <testcase name="PersonalLoanTest1" time="0.004" classname="test.LoanTest"/>
  <testcase name="@AfterTest method4" time="0.0" classname="test.BaseClass">
    <ignored/>
  </testcase> <!-- @AfterTest method4 -->
  <testcase name="@BeforeTest method3" time="0.0" classname="test.BaseClass">
    <ignored/>
  </testcase> <!-- @BeforeTest method3 -->
</testsuite> <!-- Test -->
